<?xml version="1.0" encoding="UTF-8"?>
<robot generated="20180213 01:24:27.645" generator="Robot 3.0.2 (Python 2.7.10 on darwin)">
<suite source="/Users/haraujo/git/ecommerce/Compra_Submarino.robot" id="s1" name="Compra Submarino">
<test id="s1-t1" name="Remover Produto Do Carrinho">
<kw type="setup" name="Fazer Login No Submarino" library="Resource">
<kw name="Open Browser" library="Selenium2Library">
<doc>Opens a new browser instance to given URL.</doc>
<arguments>
<arg>${URL}</arg>
<arg>${BROWSER}</arg>
</arguments>
<msg timestamp="20180213 01:24:28.098" level="INFO">Opening browser 'chrome' to base url 'https://cliente.submarino.com.br/simple-login/?next=https%3A%2F%2Fwww.submarino.com.br%2F'</msg>
<status status="PASS" endtime="20180213 01:24:39.929" starttime="20180213 01:24:28.097"></status>
</kw>
<kw name="Wait Until Keyword Succeeds" library="BuiltIn">
<doc>Runs the specified keyword and retries if it fails.</doc>
<arguments>
<arg>5x</arg>
<arg>2s</arg>
<arg>Wait Until Element Is Visible</arg>
<arg>${USUARIO}</arg>
</arguments>
<kw name="Wait Until Element Is Visible" library="Selenium2Library">
<doc>Waits until element specified with `locator` is visible.</doc>
<arguments>
<arg>${USUARIO}</arg>
</arguments>
<kw name="Capture Page Screenshot" library="Selenium2Library">
<doc>Takes a screenshot of the current page and embeds it into the log.</doc>
<msg timestamp="20180213 01:24:39.994" level="FAIL">NoSuchWindowException: Message: no such window: target window already closed
from unknown error: web view not found
  (Session info: chrome=64.0.3282.140)
  (Driver info: chromedriver=2.35.528157 (4429ca2590d6988c0745c24c8858745aaaec01ef),platform=Mac OS X 10.13.3 x86_64)
</msg>
<status status="FAIL" endtime="20180213 01:24:39.994" starttime="20180213 01:24:39.935"></status>
</kw>
<msg timestamp="20180213 01:24:39.994" level="WARN">Keyword 'Capture Page Screenshot' could not be run on failure: NoSuchWindowException: Message: no such window: target window already closed
from unknown error: web view not found
  (Session info: chrome=64.0.3282.140)
  (Driver info: chromedriver=2.35.528157 (4429ca2590d6988c0745c24c8858745aaaec01ef),platform=Mac OS X 10.13.3 x86_64)
</msg>
<msg timestamp="20180213 01:24:40.016" level="FAIL">NoSuchWindowException: Message: no such window: target window already closed
from unknown error: web view not found
  (Session info: chrome=64.0.3282.140)
  (Driver info: chromedriver=2.35.528157 (4429ca2590d6988c0745c24c8858745aaaec01ef),platform=Mac OS X 10.13.3 x86_64)
</msg>
<status status="FAIL" endtime="20180213 01:24:40.017" starttime="20180213 01:24:39.932"></status>
</kw>
<kw name="Wait Until Element Is Visible" library="Selenium2Library">
<doc>Waits until element specified with `locator` is visible.</doc>
<arguments>
<arg>${USUARIO}</arg>
</arguments>
<kw name="Capture Page Screenshot" library="Selenium2Library">
<doc>Takes a screenshot of the current page and embeds it into the log.</doc>
<msg timestamp="20180213 01:24:42.025" level="FAIL">NoSuchWindowException: Message: no such window: target window already closed
from unknown error: web view not found
  (Session info: chrome=64.0.3282.140)
  (Driver info: chromedriver=2.35.528157 (4429ca2590d6988c0745c24c8858745aaaec01ef),platform=Mac OS X 10.13.3 x86_64)
</msg>
<status status="FAIL" endtime="20180213 01:24:42.025" starttime="20180213 01:24:42.020"></status>
</kw>
<msg timestamp="20180213 01:24:42.025" level="WARN">Keyword 'Capture Page Screenshot' could not be run on failure: NoSuchWindowException: Message: no such window: target window already closed
from unknown error: web view not found
  (Session info: chrome=64.0.3282.140)
  (Driver info: chromedriver=2.35.528157 (4429ca2590d6988c0745c24c8858745aaaec01ef),platform=Mac OS X 10.13.3 x86_64)
</msg>
<msg timestamp="20180213 01:24:42.026" level="FAIL">NoSuchWindowException: Message: no such window: target window already closed
from unknown error: web view not found
  (Session info: chrome=64.0.3282.140)
  (Driver info: chromedriver=2.35.528157 (4429ca2590d6988c0745c24c8858745aaaec01ef),platform=Mac OS X 10.13.3 x86_64)
</msg>
<status status="FAIL" endtime="20180213 01:24:42.026" starttime="20180213 01:24:42.017"></status>
</kw>
<kw name="Wait Until Element Is Visible" library="Selenium2Library">
<doc>Waits until element specified with `locator` is visible.</doc>
<arguments>
<arg>${USUARIO}</arg>
</arguments>
<kw name="Capture Page Screenshot" library="Selenium2Library">
<doc>Takes a screenshot of the current page and embeds it into the log.</doc>
<msg timestamp="20180213 01:24:44.035" level="FAIL">NoSuchWindowException: Message: no such window: target window already closed
from unknown error: web view not found
  (Session info: chrome=64.0.3282.140)
  (Driver info: chromedriver=2.35.528157 (4429ca2590d6988c0745c24c8858745aaaec01ef),platform=Mac OS X 10.13.3 x86_64)
</msg>
<status status="FAIL" endtime="20180213 01:24:44.035" starttime="20180213 01:24:44.030"></status>
</kw>
<msg timestamp="20180213 01:24:44.035" level="WARN">Keyword 'Capture Page Screenshot' could not be run on failure: NoSuchWindowException: Message: no such window: target window already closed
from unknown error: web view not found
  (Session info: chrome=64.0.3282.140)
  (Driver info: chromedriver=2.35.528157 (4429ca2590d6988c0745c24c8858745aaaec01ef),platform=Mac OS X 10.13.3 x86_64)
</msg>
<msg timestamp="20180213 01:24:44.036" level="FAIL">NoSuchWindowException: Message: no such window: target window already closed
from unknown error: web view not found
  (Session info: chrome=64.0.3282.140)
  (Driver info: chromedriver=2.35.528157 (4429ca2590d6988c0745c24c8858745aaaec01ef),platform=Mac OS X 10.13.3 x86_64)
</msg>
<status status="FAIL" endtime="20180213 01:24:44.037" starttime="20180213 01:24:44.027"></status>
</kw>
<errors>
<msg timestamp="20180213 01:24:39.994" level="WARN">Keyword 'Capture Page Screenshot' could not be run on failure: NoSuchWindowException: Message: no such window: target window already closed
from unknown error: web view not found
  (Session info: chrome=64.0.3282.140)
  (Driver info: chromedriver=2.35.528157 (4429ca2590d6988c0745c24c8858745aaaec01ef),platform=Mac OS X 10.13.3 x86_64)
</msg>
<msg timestamp="20180213 01:24:42.025" level="WARN">Keyword 'Capture Page Screenshot' could not be run on failure: NoSuchWindowException: Message: no such window: target window already closed
from unknown error: web view not found
  (Session info: chrome=64.0.3282.140)
  (Driver info: chromedriver=2.35.528157 (4429ca2590d6988c0745c24c8858745aaaec01ef),platform=Mac OS X 10.13.3 x86_64)
</msg>
<msg timestamp="20180213 01:24:44.035" level="WARN">Keyword 'Capture Page Screenshot' could not be run on failure: NoSuchWindowException: Message: no such window: target window already closed
from unknown error: web view not found
  (Session info: chrome=64.0.3282.140)
  (Driver info: chromedriver=2.35.528157 (4429ca2590d6988c0745c24c8858745aaaec01ef),platform=Mac OS X 10.13.3 x86_64)
</msg>
<msg timestamp="20180213 01:24:45.158" level="ERROR">Execution stopped by user.</msg>
</errors>
</robot>
